[2023-02-24 14:10:00] Текст ошибки: Страница не найдена | Файл: E:\OpenServer\domains\workpayment\vendor\workpayment\core\Router.php | Строка: 86
--------------------
[2023-02-24 14:10:00] Текст ошибки: Страница не найдена | Файл: E:\OpenServer\domains\workpayment\vendor\workpayment\core\Router.php | Строка: 86
--------------------
[2023-02-24 14:11:06] Текст ошибки: Контроллер app\controllers\MainController не найден | Файл: E:\OpenServer\domains\workpayment\vendor\workpayment\core\Router.php | Строка: 81
--------------------
[2023-02-24 14:11:06] Текст ошибки: Страница не найдена | Файл: E:\OpenServer\domains\workpayment\vendor\workpayment\core\Router.php | Строка: 86
--------------------
[2023-02-24 14:11:09] Текст ошибки: Контроллер app\controllers\MainController не найден | Файл: E:\OpenServer\domains\workpayment\vendor\workpayment\core\Router.php | Строка: 81
--------------------
[2023-02-24 14:11:09] Текст ошибки: Страница не найдена | Файл: E:\OpenServer\domains\workpayment\vendor\workpayment\core\Router.php | Строка: 86
--------------------
[2023-02-24 14:11:10] Текст ошибки: Контроллер app\controllers\MainController не найден | Файл: E:\OpenServer\domains\workpayment\vendor\workpayment\core\Router.php | Строка: 81
--------------------
[2023-02-24 14:11:11] Текст ошибки: Страница не найдена | Файл: E:\OpenServer\domains\workpayment\vendor\workpayment\core\Router.php | Строка: 86
--------------------
[2023-02-24 14:11:36] Текст ошибки: Контроллер app\controllers\MainController не найден | Файл: E:\OpenServer\domains\workpayment\vendor\workpayment\core\Router.php | Строка: 81
--------------------
[2023-02-24 14:11:36] Текст ошибки: Страница не найдена | Файл: E:\OpenServer\domains\workpayment\vendor\workpayment\core\Router.php | Строка: 86
--------------------
[2023-02-24 14:36:19] Текст ошибки: Метод app\controllers\MainController::indexAction не найден | Файл: E:\OpenServer\domains\workpayment\vendor\workpayment\core\Router.php | Строка: 80
--------------------
[2023-02-24 14:36:20] Текст ошибки: Страница не найдена | Файл: E:\OpenServer\domains\workpayment\vendor\workpayment\core\Router.php | Строка: 90
--------------------
[2023-02-24 14:36:23] Текст ошибки: Метод app\controllers\MainController::indexAction не найден | Файл: E:\OpenServer\domains\workpayment\vendor\workpayment\core\Router.php | Строка: 80
--------------------
[2023-02-24 14:36:23] Текст ошибки: Страница не найдена | Файл: E:\OpenServer\domains\workpayment\vendor\workpayment\core\Router.php | Строка: 90
--------------------
[2023-02-24 14:36:36] Текст ошибки: Метод app\controllers\MainController::indexAction не найден | Файл: E:\OpenServer\domains\workpayment\vendor\workpayment\core\Router.php | Строка: 80
--------------------
[2023-02-24 14:36:36] Текст ошибки: Страница не найдена | Файл: E:\OpenServer\domains\workpayment\vendor\workpayment\core\Router.php | Строка: 90
--------------------
[2023-02-24 14:38:02] Текст ошибки: Call to undefined method app\controllers\MainController::getView() | Файл: E:\OpenServer\domains\workpayment\vendor\workpayment\core\Router.php | Строка: 76
--------------------
[2023-02-24 14:38:02] Текст ошибки: Страница не найдена | Файл: E:\OpenServer\domains\workpayment\vendor\workpayment\core\Router.php | Строка: 90
--------------------
[2023-02-24 14:38:31] Текст ошибки: Страница не найдена | Файл: E:\OpenServer\domains\workpayment\vendor\workpayment\core\Router.php | Строка: 90
--------------------
[2023-02-25 07:59:19] Текст ошибки: Страница не найдена | Файл: E:\OpenServer\domains\workpayment\vendor\workpayment\core\Router.php | Строка: 90
--------------------
